Build started 2/3/2017 5:18:33 PM.
     1>Project "C:\Users\WM\Desktop\NYP_Framework\Base\Base.vcxproj" on node 2 (Build target(s)).
     1>ClCompile:
         C:\Program Files (x86)\Microsoft Visual Studio 12.0\VC\bin\CL.exe /c /IC:\Users\WM\Desktop\NYP_Framework\/Common/Source /IC:\Users\WM\Desktop\NYP_Framework\/glew/include /IC:\Users\WM\Desktop\NYP_Framework\\Base\irrKlang\include /IC:\Users\WM\Desktop\NYP_Framework\/glfw/include /IC:\Users\WM\Desktop\NYP_Framework\\Base\Source\Lua /ZI /nologo /W3 /WX- /Od /Oy- /D _VARIADIC_MAX=10 /D WIN32 /D _DEBUG /D _CONSOLE /D _MBCS /Gm /EHsc /RTC1 /MDd /GS /fp:precise /Zc:wchar_t /Zc:forScope /Fo"Debug\\" /Fd"Debug\vc120.pdb" /Gd /TP /analyze- /errorReport:prompt Source\PlayerInfo\PlayerInfo.cpp
         PlayerInfo.cpp
     1>c:\users\wm\desktop\nyp_framework\base\source\playerinfo\playerinfo.cpp(84): warning C4244: '=' : conversion from 'float' to 'int', possible loss of data
     1>c:\users\wm\desktop\nyp_framework\base\source\playerinfo\playerinfo.cpp(85): warning C4244: '=' : conversion from 'float' to 'int', possible loss of data
     1>c:\users\wm\desktop\nyp_framework\base\source\playerinfo\playerinfo.cpp(317): warning C4715: 'CPlayerInfo::GetWeaponName' : not all control paths return a value
       Link:
         C:\Program Files (x86)\Microsoft Visual Studio 12.0\VC\bin\link.exe /ERRORREPORT:PROMPT /OUT:"C:\Users\WM\Desktop\NYP_Framework\Debug\Base.exe" /INCREMENTAL:NO /NOLOGO /LIBPATH:C:\Users\WM\Desktop\NYP_Framework\Debug /LIBPATH:"C:\Users\WM\Desktop\NYP_Framework\/glfw/lib-msvc100" /LIBPATH:C:\Users\WM\Desktop\NYP_Framework\/Lua/lib /LIBPATH:C:\Users\WM\Desktop\NYP_Framework\/glew/lib Common.lib winmm.lib opengl32.lib glu32.lib glew32.lib glfw3.lib irrKlang.lib lua5.1.lib kernel32.lib user32.lib gdi32.lib winspool.lib comdlg32.lib advapi32.lib shell32.lib ole32.lib oleaut32.lib uuid.lib odbc32.lib odbccp32.lib /MANIFEST /MANIFESTUAC:"level='asInvoker' uiAccess='false'" /manifest:embed /DEBUG /PDB:"C:\Users\WM\Desktop\NYP_Framework\Debug\Base.pdb" /SUBSYSTEM:CONSOLE /TLBID:1 /DYNAMICBASE /NXCOMPAT /IMPLIB:"C:\Users\WM\Desktop\NYP_Framework\Debug\Base.lib" /MACHINE:X86 Debug\Application.obj
         Debug\Enemy.obj
         Debug\EnemyFollower.obj
         Debug\EntityManager.obj
         Debug\FPSCamera.obj
         Debug\IntroState.obj
         Debug\MenuState.obj
         Debug\GenericEntity.obj
         Debug\GroundEntity.obj
         Debug\CLevelOfDetails.obj
         Debug\Light.obj
         Debug\LuaInterface.obj
         Debug\main.obj
         Debug\OBJMesh.obj
         Debug\PlayerInfo.obj
         Debug\Grenade.obj
         Debug\Laser.obj
         Debug\Projectile.obj
         Debug\SceneGraph.obj
         Debug\SceneNode.obj
         Debug\Transform.obj
         Debug\UpdateTransformation.obj
         Debug\SceneText.obj
         Debug\SceneText1.obj
         Debug\SkyBoxEntity.obj
         Debug\Sound.obj
         Debug\Grid.obj
         Debug\SpatialPartition.obj
         Debug\SpriteEntity.obj
         Debug\TextEntity.obj
         Debug\Waypoint.obj
         Debug\WaypointManager.obj
         Debug\GrenadeThrow.obj
         Debug\LaserBlaster.obj
         Debug\Pistol.obj
         Debug\Shotgun.obj
         Debug\WeaponInfo.obj
     1>Application.obj : warning LNK4075: ignoring '/EDITANDCONTINUE' due to '/OPT:LBR' specification
     1>LINK : warning LNK4098: defaultlib 'MSVCRT' conflicts with use of other libs; use /NODEFAULTLIB:library
         Base.vcxproj -> C:\Users\WM\Desktop\NYP_Framework\Debug\Base.exe
     1>Done Building Project "C:\Users\WM\Desktop\NYP_Framework\Base\Base.vcxproj" (Build target(s)).

Build succeeded.

Time Elapsed 00:00:01.29
