c:\users\wm\desktop\nyp_framework\base\debug\vc120.pdb
c:\users\wm\desktop\nyp_framework\base\debug\vc120.idb
c:\users\wm\desktop\nyp_framework\base\debug\projectile.obj
c:\users\wm\desktop\nyp_framework\base\debug\scenegraph.obj
c:\users\wm\desktop\nyp_framework\base\debug\scenenode.obj
c:\users\wm\desktop\nyp_framework\base\debug\transform.obj
c:\users\wm\desktop\nyp_framework\base\debug\updatetransformation.obj
c:\users\wm\desktop\nyp_framework\base\debug\scenetext.obj
c:\users\wm\desktop\nyp_framework\base\debug\scenetext1.obj
c:\users\wm\desktop\nyp_framework\base\debug\skyboxentity.obj
c:\users\wm\desktop\nyp_framework\base\debug\sound.obj
c:\users\wm\desktop\nyp_framework\base\debug\grid.obj
c:\users\wm\desktop\nyp_framework\base\debug\spatialpartition.obj
c:\users\wm\desktop\nyp_framework\base\debug\spriteentity.obj
c:\users\wm\desktop\nyp_framework\base\debug\textentity.obj
c:\users\wm\desktop\nyp_framework\base\debug\waypoint.obj
c:\users\wm\desktop\nyp_framework\base\debug\waypointmanager.obj
c:\users\wm\desktop\nyp_framework\base\debug\grenadethrow.obj
c:\users\wm\desktop\nyp_framework\base\debug\laserblaster.obj
c:\users\wm\desktop\nyp_framework\base\debug\pistol.obj
c:\users\wm\desktop\nyp_framework\base\debug\shotgun.obj
c:\users\wm\desktop\nyp_framework\base\debug\weaponinfo.obj
c:\users\wm\desktop\nyp_framework\base\debug\application.obj
c:\users\wm\desktop\nyp_framework\base\debug\enemy.obj
c:\users\wm\desktop\nyp_framework\base\debug\enemyfollower.obj
c:\users\wm\desktop\nyp_framework\base\debug\entitymanager.obj
c:\users\wm\desktop\nyp_framework\base\debug\fpscamera.obj
c:\users\wm\desktop\nyp_framework\base\debug\introstate.obj
c:\users\wm\desktop\nyp_framework\base\debug\menustate.obj
c:\users\wm\desktop\nyp_framework\base\debug\genericentity.obj
c:\users\wm\desktop\nyp_framework\base\debug\groundentity.obj
c:\users\wm\desktop\nyp_framework\base\debug\clevelofdetails.obj
c:\users\wm\desktop\nyp_framework\base\debug\light.obj
c:\users\wm\desktop\nyp_framework\base\debug\luainterface.obj
c:\users\wm\desktop\nyp_framework\base\debug\main.obj
c:\users\wm\desktop\nyp_framework\base\debug\objmesh.obj
c:\users\wm\desktop\nyp_framework\base\debug\playerinfo.obj
c:\users\wm\desktop\nyp_framework\base\debug\grenade.obj
c:\users\wm\desktop\nyp_framework\base\debug\laser.obj
c:\users\wm\documents\agdev_asn2\nyp_framework\base\debug\vc120.pdb
c:\users\wm\documents\agdev_asn2\nyp_framework\base\debug\vc120.idb
c:\users\wm\documents\agdev_asn2\nyp_framework\base\debug\projectile.obj
c:\users\wm\documents\agdev_asn2\nyp_framework\base\debug\scenegraph.obj
c:\users\wm\documents\agdev_asn2\nyp_framework\base\debug\scenenode.obj
c:\users\wm\documents\agdev_asn2\nyp_framework\base\debug\transform.obj
c:\users\wm\documents\agdev_asn2\nyp_framework\base\debug\updatetransformation.obj
c:\users\wm\documents\agdev_asn2\nyp_framework\base\debug\scenetext.obj
c:\users\wm\documents\agdev_asn2\nyp_framework\base\debug\scenetext1.obj
c:\users\wm\documents\agdev_asn2\nyp_framework\base\debug\skyboxentity.obj
c:\users\wm\documents\agdev_asn2\nyp_framework\base\debug\sound.obj
c:\users\wm\documents\agdev_asn2\nyp_framework\base\debug\grid.obj
c:\users\wm\documents\agdev_asn2\nyp_framework\base\debug\spatialpartition.obj
c:\users\wm\documents\agdev_asn2\nyp_framework\base\debug\spriteentity.obj
c:\users\wm\documents\agdev_asn2\nyp_framework\base\debug\textentity.obj
c:\users\wm\documents\agdev_asn2\nyp_framework\base\debug\waypoint.obj
c:\users\wm\documents\agdev_asn2\nyp_framework\base\debug\waypointmanager.obj
c:\users\wm\documents\agdev_asn2\nyp_framework\base\debug\grenadethrow.obj
c:\users\wm\documents\agdev_asn2\nyp_framework\base\debug\laserblaster.obj
c:\users\wm\documents\agdev_asn2\nyp_framework\base\debug\pistol.obj
c:\users\wm\documents\agdev_asn2\nyp_framework\base\debug\shotgun.obj
c:\users\wm\documents\agdev_asn2\nyp_framework\base\debug\weaponinfo.obj
c:\users\wm\documents\agdev_asn2\nyp_framework\base\debug\application.obj
c:\users\wm\documents\agdev_asn2\nyp_framework\base\debug\enemy.obj
c:\users\wm\documents\agdev_asn2\nyp_framework\base\debug\enemyfollower.obj
c:\users\wm\documents\agdev_asn2\nyp_framework\base\debug\entitymanager.obj
c:\users\wm\documents\agdev_asn2\nyp_framework\base\debug\fpscamera.obj
c:\users\wm\documents\agdev_asn2\nyp_framework\base\debug\introstate.obj
c:\users\wm\documents\agdev_asn2\nyp_framework\base\debug\menustate.obj
c:\users\wm\documents\agdev_asn2\nyp_framework\base\debug\genericentity.obj
c:\users\wm\documents\agdev_asn2\nyp_framework\base\debug\groundentity.obj
c:\users\wm\documents\agdev_asn2\nyp_framework\base\debug\clevelofdetails.obj
c:\users\wm\documents\agdev_asn2\nyp_framework\base\debug\light.obj
c:\users\wm\documents\agdev_asn2\nyp_framework\base\debug\luainterface.obj
c:\users\wm\documents\agdev_asn2\nyp_framework\base\debug\main.obj
c:\users\wm\documents\agdev_asn2\nyp_framework\base\debug\objmesh.obj
c:\users\wm\documents\agdev_asn2\nyp_framework\base\debug\playerinfo.obj
c:\users\wm\documents\agdev_asn2\nyp_framework\base\debug\grenade.obj
c:\users\wm\documents\agdev_asn2\nyp_framework\base\debug\laser.obj
c:\users\wm\desktop\nyp_framework\debug\base.exe
c:\users\wm\desktop\nyp_framework\debug\base.pdb
c:\users\wm\documents\agdev_asn2\nyp_framework\debug\base.exe
c:\users\wm\documents\agdev_asn2\nyp_framework\debug\base.pdb
c:\users\wm\documents\agdev_asn2\nyp_framework\base\debug\base.tlog\cl.command.1.tlog
c:\users\wm\documents\agdev_asn2\nyp_framework\base\debug\base.tlog\cl.read.1.tlog
c:\users\wm\documents\agdev_asn2\nyp_framework\base\debug\base.tlog\cl.write.1.tlog
c:\users\wm\documents\agdev_asn2\nyp_framework\base\debug\base.tlog\link.command.1.tlog
c:\users\wm\documents\agdev_asn2\nyp_framework\base\debug\base.tlog\link.read.1.tlog
c:\users\wm\documents\agdev_asn2\nyp_framework\base\debug\base.tlog\link.write.1.tlog
